1   -5.416   0
2   -5.41693   0.000652809
3   -5.41665   0.000491024
4   -5.41693   0.000442297
5   -5.4166   0.00045833
6   -5.41657   0.000383412
7   -5.4166   0.000329974
8   -5.41647   0.000313958
9   -5.41652   0.000283098
10   -5.41657   0.000258787
11   -5.41669   0.000264662
12   -5.41676   0.000249979
13   -5.41678   0.000232354
14   -5.41696   0.000277213
15   -5.41696   0.000258735
16   -5.41706   0.000260391
17   -5.41704   0.000246146
18   -5.41702   0.000233436
19   -5.4171   0.000236664
20   -5.41705   0.000231263
21   -5.41708   0.000222122
22   -5.41704   0.000214809
23   -5.41702   0.000206308
24   -5.41696   0.000207033
25   -5.41694   0.000199734
26   -5.41697   0.00019409
27   -5.4169   0.000197064
28   -5.4169   0.000190106
29   -5.41685   0.00019046
30   -5.41684   0.00018437
31   -5.41689   0.000184952
32   -5.41694   0.000185737
33   -5.41692   0.000181002
34   -5.41698   0.000185803
35   -5.41695   0.000182214
36   -5.41694   0.000177989
37   -5.41694   0.000173181
38   -5.41692   0.000169123
39   -5.41692   0.000164818
40   -5.41686   0.000170507
41   -5.41686   0.000166389
42   -5.41685   0.000162578
43   -5.41688   0.000161869
44   -5.41693   0.000165174
45   -5.41694   0.000161526
46   -5.41699   0.000165575
47   -5.41698   0.000162077
48   -5.41695   0.000161417
49   -5.41696   0.000158239
50   -5.41693   0.00015787
