   0.0115332   0   0
   0.0345996   0   0
   0.0576661   0   0
   0.0807325   0   0
   0.103799   0   0
   0.126865   0   0
   0.149932   0   0
   0.172998   0   0
   0.196065   0   0
   0.219131   0   0
   0.242198   0   0
   0.265264   0   0
   0.28833   0   0
   0.311397   0   0
   0.334463   0   0
   0.35753   0   0
   0.380596   0   0
   0.403663   0   0
   0.426729   0   0
   0.449795   0   0
   0.472862   0   0
   0.495928   0   0
   0.518995   0   0
   0.542061   0   0
   0.565128   0   0
   0.588194   0   0
   0.61126   0   0
   0.634327   0   0
   0.657393   0   0
   0.68046   0   0
   0.703526   0   0
   0.726593   0   0
   0.749659   0   0
   0.772725   0   0
   0.795792   0   0
   0.818858   0   0
   0.841925   0   0
   0.864991   0   0
   0.888058   0   0
   0.911124   0   0
   0.93419   0   0
   0.957257   0.000158448   4.48157e-05
   0.980323   0.00277986   0.000186801
   1.00339   0.0139887   0.000365972
   1.02646   0.037414   0.000583437
   1.04952   0.0657094   0.000824709
   1.07259   0.0826144   0.000811229
   1.09566   0.0751451   0.000789563
   1.11872   0.0557555   0.000700437
   1.14179   0.0338683   0.000605663
   1.16485   0.0190256   0.000396111
   1.18792   0.00739781   0.000261062
   1.21099   0.00270292   0.000181058
   1.23405   0.00112503   9.97767e-05
   1.25712   0.000275625   4.86157e-05
   1.28019   6.20159e-05   2.17372e-05
   1.30325   4.27429e-05   1.81343e-05
   1.32632   1.65077e-05   1.14369e-05
   1.34939   7.97407e-05   2.25541e-05
   1.37245   0.000339165   4.95254e-05
   1.39552   0.00087976   8.35292e-05
   1.41859   0.00202023   0.000130671
   1.44165   0.00394713   0.000133011
   1.46472   0.00722122   0.000200447
   1.48778   0.0110266   0.000218127
   1.51085   0.014986   0.000254375
   1.53392   0.0159457   0.000308231
   1.55698   0.0152072   0.000205446
   1.58005   0.0120854   0.000199978
   1.60312   0.00807342   0.000161801
   1.62618   0.00454619   0.000146127
   1.64925   0.00193772   8.63414e-05
   1.67232   0.000809924   5.76456e-05
   1.69538   0.000459687   4.88144e-05
   1.71845   0.00046218   4.79937e-05
   1.74152   0.00132612   8.62296e-05
   1.76458   0.00372114   0.000147306
   1.78765   0.0093006   0.000207357
   1.81071   0.0185953   0.000280118
   1.83378   0.0310882   0.000293356
   1.85685   0.0424109   0.000341553
   1.87991   0.0458137   0.000413653
   1.90298   0.0417348   0.000408287
   1.92605   0.0324747   0.000330193
   1.94911   0.020176   0.000240515
   1.97218   0.0109229   0.000189781
   1.99525   0.00489826   0.000153532
   2.01831   0.00199961   9.06344e-05
   2.04138   0.00121949   7.30866e-05
   2.06445   0.00210884   9.82554e-05
   2.08751   0.00483136   0.000117897
   2.11058   0.00884313   0.000167149
   2.13364   0.013166   0.000162202
   2.15671   0.0168253   0.0002507
   2.17978   0.0166912   0.000235384
   2.20284   0.014593   0.000209976
   2.22591   0.0102803   0.000126411
   2.24898   0.00643614   0.00014007
   2.27204   0.00384499   9.86146e-05
   2.29511   0.00295493   0.000112925
