1   0.817974   0
2   0.820877   0.0020528
3   0.812675   0.00683541
4   0.815564   0.00570453
5   0.812209   0.00546212
6   0.815134   0.00527721
7   0.814873   0.00452976
8   0.81554   0.00401238
9   0.815013   0.00360107
10   0.815685   0.00330307
11   0.816019   0.00301963
12   0.816398   0.00279174
13   0.816372   0.00257711
14   0.816793   0.00242705
15   0.81651   0.00228163
16   0.817215   0.00224516
17   0.816418   0.0022501
18   0.815972   0.00216879
19   0.81649   0.00211568
20   0.816176   0.00203314
21   0.81621   0.00193661
22   0.816195   0.00184863
23   0.81656   0.00180391
24   0.816259   0.00175378
25   0.816828   0.00177347
26   0.816103   0.00184738
27   0.81594   0.00178609
28   0.816437   0.00179004
29   0.815644   0.00189602
30   0.815443   0.00184341
31   0.815404   0.00178434
32   0.81584   0.00178088
33   0.815676   0.00173444
34   0.816057   0.00172488
35   0.815945   0.00167927
36   0.815611   0.0016654
37   0.815896   0.00164452
38   0.816122   0.00161669
39   0.816121   0.00157524
40   0.815646   0.00160572
41   0.815873   0.00158253
42   0.815626   0.00156407
43   0.815763   0.00153371
44   0.816263   0.00157816
45   0.815788   0.00161295
46   0.81615   0.00161807
47   0.816377   0.0015994
48   0.816023   0.00160481
49   0.816341   0.00160323
50   0.815807   0.00165744
