1   0.611119   0
2   0.616744   0.00397773
3   0.615669   0.00279339
4   0.612687   0.00332516
5   0.612925   0.00266862
6   0.612396   0.00227574
7   0.612055   0.00197596
8   0.612339   0.00174918
9   0.612886   0.00163816
10   0.612768   0.00147855
11   0.613938   0.00174681
12   0.612948   0.00186111
13   0.613323   0.00175538
14   0.613202   0.00163415
15   0.613405   0.00153774
16   0.612778   0.0015643
17   0.613127   0.00151073
18   0.613028   0.00143005
19   0.612978   0.00135564
20   0.612966   0.00128792
21   0.613216   0.00125069
22   0.613174   0.00119453
23   0.613006   0.00115436
24   0.613329   0.0011504
25   0.613303   0.00110467
26   0.613169   0.00107021
27   0.613339   0.00104397
28   0.613083   0.00103762
29   0.613074   0.00100188
30   0.613526   0.00106572
31   0.612949   0.00117729
32   0.613138   0.00115563
33   0.613315   0.00113403
34   0.613324   0.00110071
35   0.613438   0.00107507
36   0.613434   0.00104521
37   0.61343   0.00101697
38   0.613378   0.000991562
39   0.613472   0.000970598
40   0.613659   0.000964245
41   0.613394   0.000976487
42   0.613653   0.000987094
43   0.613573   0.000967375
44   0.613607   0.000945968
45   0.61359   0.000925099
46   0.613487   0.000910717
47   0.613458   0.000891793
48   0.613612   0.000886447
49   0.613524   0.00087275
50   0.613375   0.000867857
