1   -7.19458   0
2   -7.1994   0.00341175
3   -7.19913   0.00228499
4   -7.19627   0.00301453
5   -7.19626   0.00241165
6   -7.19588   0.00203863
7   -7.19533   0.0018195
8   -7.19568   0.0016249
9   -7.19616   0.00151354
10   -7.19587   0.0013904
11   -7.19703   0.00167859
12   -7.19582   0.00192083
13   -7.19614   0.00179823
14   -7.19602   0.00167335
15   -7.19638   0.00159871
16   -7.19569   0.001638
17   -7.19599   0.00156869
18   -7.19602   0.00148174
19   -7.19601   0.00140376
20   -7.19592   0.00133698
21   -7.19605   0.00128033
22   -7.19593   0.00122844
23   -7.19571   0.00119409
24   -7.19597   0.00117353
25   -7.19592   0.00112788
26   -7.19576   0.00109536
27   -7.19593   0.00106705
28   -7.19564   0.00106778
29   -7.19561   0.00103131
30   -7.19609   0.00110567
31   -7.19545   0.00124233
32   -7.19563   0.00121574
33   -7.19586   0.00120083
34   -7.19588   0.00116561
35   -7.19597   0.00113598
36   -7.19597   0.00110444
37   -7.19601   0.00107514
38   -7.19596   0.00104805
39   -7.19607   0.00102722
40   -7.19624   0.0010147
41   -7.19597   0.00102497
42   -7.19624   0.00103638
43   -7.19611   0.00101982
44   -7.19616   0.000997482
45   -7.19615   0.000975317
46   -7.19604   0.000960586
47   -7.19599   0.000941814
48   -7.19619   0.000944577
49   -7.19609   0.000930227
50   -7.19594   0.000924065
