1   9.73199   0
2   9.7036   0.0200762
3   9.75721   0.0457714
4   9.72935   0.0419566
5   9.75341   0.0398692
6   9.72927   0.0398679
7   9.73229   0.0342872
8   9.73021   0.0300649
9   9.73711   0.0275059
10   9.73401   0.0249291
11   9.73275   0.0226949
12   9.7314   0.0208437
13   9.73308   0.0193077
14   9.72921   0.0183108
15   9.7318   0.0172722
16   9.72821   0.0165632
17   9.73416   0.0166237
18   9.7378   0.0160939
19   9.73442   0.0155982
20   9.73695   0.0150229
21   9.73692   0.0143076
22   9.73731   0.0136625
23   9.73374   0.0135283
24   9.73545   0.013072
25   9.73146   0.0131427
26   9.73661   0.0136086
27   9.7372   0.0131175
28   9.73291   0.0133343
29   9.73842   0.0139666
30   9.73993   0.0135825
31   9.74087   0.0131768
32   9.73793   0.0130871
33   9.73854   0.0127044
34   9.73557   0.0126722
35   9.73722   0.0124175
36   9.74032   0.0124516
37   9.73809   0.0123128
38   9.73585   0.01219
39   9.73527   0.0118915
40   9.73865   0.0120674
41   9.7373   0.0118488
42   9.73933   0.0117401
43   9.73896   0.011473
44   9.73534   0.0117693
45   9.73924   0.0121355
46   9.73692   0.0120911
47   9.73498   0.011988
48   9.73746   0.0119906
49   9.73494   0.0120078
50   9.73874   0.0123558
