   0.0128248   0   0
   0.0384745   0   0
   0.0641241   0   0
   0.0897737   0   0
   0.115423   0   0
   0.141073   0   0
   0.166723   0   0
   0.192372   0   0
   0.218022   0   0
   0.243672   0   0
   0.269321   0   0
   0.294971   0   0
   0.32062   0   0
   0.34627   0   0
   0.37192   0   0
   0.397569   0   0
   0.423219   0   0
   0.448869   0   0
   0.474518   0   0
   0.500168   0   0
   0.525818   0   0
   0.551467   0   0
   0.577117   0   0
   0.602767   0   0
   0.628416   0   0
   0.654066   0   0
   0.679715   0   0
   0.705365   0   0
   0.731015   0   0
   0.756664   0   0
   0.782314   0   0
   0.807964   0   0
   0.833613   0   0
   0.859263   0   0
   0.884913   0.000458526   0.000171565
   0.910562   0.0103068   0.000821809
   0.936212   0.0811324   0.00237235
   0.961861   0.271845   0.00484253
   0.987511   0.590615   0.00836926
   1.01316   0.937034   0.0105058
   1.03881   1.16885   0.011348
   1.06446   1.29014   0.00905359
   1.09011   1.29197   0.00927942
   1.11576   1.19445   0.00943276
   1.14141   1.08302   0.00992689
   1.16706   0.982781   0.00871043
   1.19271   0.873472   0.00833088
   1.21836   0.775169   0.00714313
   1.24401   0.706978   0.0079143
   1.26966   0.627071   0.00722145
   1.29531   0.57326   0.0064663
   1.32096   0.519493   0.00651534
   1.34661   0.468754   0.00542997
   1.37226   0.432889   0.00579062
   1.39791   0.399151   0.00467836
   1.42355   0.384791   0.00425463
   1.4492   0.370838   0.00475002
   1.47485   0.357177   0.00480877
   1.5005   0.344871   0.00448928
   1.52615   0.338926   0.00455991
   1.5518   0.329686   0.00357019
   1.57745   0.332039   0.0049927
   1.6031   0.334563   0.00459145
   1.62875   0.344385   0.00405427
   1.6544   0.35701   0.00332847
   1.68005   0.363144   0.00364114
   1.7057   0.372182   0.00345563
   1.73135   0.387248   0.00335046
   1.757   0.405482   0.00355842
   1.78265   0.428954   0.00361898
   1.8083   0.452988   0.0036188
   1.83395   0.472963   0.00325773
   1.8596   0.488727   0.0036244
   1.88525   0.515118   0.00397475
   1.9109   0.536213   0.00382792
   1.93655   0.551813   0.00392064
   1.9622   0.562047   0.00365712
   1.98785   0.577478   0.00427834
   2.0135   0.592375   0.00349484
   2.03915   0.599121   0.00392915
   2.0648   0.603763   0.00433871
   2.09045   0.605004   0.00409741
   2.1161   0.595879   0.00392533
   2.14174   0.593407   0.00387536
   2.16739   0.591962   0.003833
   2.19304   0.571734   0.00400665
   2.21869   0.55893   0.00369337
   2.24434   0.546363   0.00387607
   2.26999   0.526145   0.00398106
   2.29564   0.511653   0.00365448
   2.32129   0.503287   0.00382634
   2.34694   0.49661   0.00292342
   2.37259   0.482662   0.00312132
   2.39824   0.474447   0.0030776
   2.42389   0.467884   0.00341651
   2.44954   0.461132   0.00304162
   2.47519   0.448647   0.00291796
   2.50084   0.453173   0.00338071
   2.52649   0.453202   0.00315306
   2.55214   0.44913   0.0034264
