   0.0323165   0   0
   0.0969496   0   0
   0.161583   0   0
   0.226216   0   0
   0.290849   0   0
   0.355482   0   0
   0.420115   0   0
   0.484748   0   0
   0.549381   0   0
   0.614014   0   0
   0.678647   0   0
   0.74328   0   0
   0.807913   0   0
   0.872546   0.000898024   0.000657189
   0.937179   0.106392   0.0096937
   1.00181   0.501098   0.0277917
   1.06645   0.913796   0.0306124
   1.13108   0.92275   0.025676
   1.19571   0.848114   0.0293636
   1.26034   0.736039   0.0237677
   1.32498   0.69216   0.0239117
   1.38961   0.617713   0.0192749
   1.45424   0.59039   0.0167366
   1.51888   0.543888   0.0152849
   1.58351   0.545587   0.0166521
   1.64814   0.548876   0.0165234
   1.71278   0.563802   0.0178795
   1.77741   0.545811   0.0161656
   1.84204   0.522899   0.0128814
   1.90667   0.48962   0.0132229
   1.97131   0.504654   0.0142508
   2.03594   0.499469   0.0153532
   2.10057   0.506513   0.0124826
   2.16521   0.501869   0.0118512
   2.22984   0.49851   0.0102812
   2.29447   0.490764   0.0122884
   2.35911   0.523991   0.0123951
   2.42374   0.508955   0.0121222
   2.48837   0.505303   0.0112207
   2.55301   0.503707   0.0107081
   2.61764   0.484564   0.0105949
   2.68227   0.489571   0.0102106
   2.7469   0.502731   0.00978056
   2.81154   0.497954   0.00852611
   2.87617   0.491095   0.00755459
   2.9408   0.489255   0.00776138
   3.00544   0.48689   0.00756956
   3.07007   0.471033   0.00716928
   3.1347   0.465545   0.00894067
   3.19934   0.469858   0.00930517
   3.26397   0.483878   0.00858934
   3.3286   0.481177   0.00804132
   3.39323   0.483358   0.00976516
   3.45787   0.485031   0.00945618
   3.5225   0.490934   0.00763983
   3.58713   0.482962   0.00858786
   3.65177   0.482576   0.00716293
   3.7164   0.47585   0.00673626
   3.78103   0.48834   0.00755833
   3.84567   0.496407   0.00771989
   3.9103   0.493411   0.00706062
   3.97493   0.500721   0.0074431
   4.03957   0.486231   0.00663807
   4.1042   0.487456   0.00637043
   4.16883   0.484463   0.00774826
   4.23346   0.489807   0.0064614
   4.2981   0.491669   0.00664581
   4.36273   0.50427   0.00758907
   4.42736   0.496628   0.00665239
   4.492   0.499326   0.00577901
   4.55663   0.480463   0.00557253
   4.62126   0.491534   0.00635912
   4.6859   0.488768   0.00597675
   4.75053   0.49079   0.00643466
   4.81516   0.489365   0.00464808
   4.87979   0.488485   0.00429962
   4.94443   0.486085   0.0056729
   5.00906   0.4834   0.00521063
   5.07369   0.485333   0.00537868
   5.13833   0.494345   0.0048362
   5.20296   0.492166   0.00528359
   5.26759   0.487439   0.00518443
   5.33223   0.487161   0.005178
   5.39686   0.495693   0.00458308
   5.46149   0.495599   0.00526703
   5.52612   0.495964   0.00569611
   5.59076   0.495125   0.00525073
   5.65539   0.496897   0.00456157
   5.72002   0.501452   0.0055426
   5.78466   0.495917   0.00533424
   5.84929   0.491052   0.00508208
   5.91392   0.493103   0.00565554
   5.97856   0.49601   0.00525932
   6.04319   0.500147   0.00381537
   6.10782   0.507742   0.00454082
   6.17246   0.499971   0.00476813
   6.23709   0.489003   0.0043627
   6.30172   0.492186   0.00492403
   6.36635   0.492533   0.00409234
   6.43099   0.491415   0.00379337
