   0.0115332   0   0
   0.0345996   0   0
   0.0576661   0   0
   0.0807325   0   0
   0.103799   0   0
   0.126865   0   0
   0.149932   0   0
   0.172998   0   0
   0.196065   0   0
   0.219131   0   0
   0.242198   0   0
   0.265264   0   0
   0.28833   0   0
   0.311397   0   0
   0.334463   0   0
   0.35753   0   0
   0.380596   0   0
   0.403663   0   0
   0.426729   0   0
   0.449795   0   0
   0.472862   0   0
   0.495928   0   0
   0.518995   0   0
   0.542061   0   0
   0.565128   0   0
   0.588194   0   0
   0.61126   0   0
   0.634327   0   0
   0.657393   0   0
   0.68046   0   0
   0.703526   0   0
   0.726593   0   0
   0.749659   0   0
   0.772725   0   0
   0.795792   0   0
   0.818858   0   0
   0.841925   0   0
   0.864991   0   0
   0.888058   1.84101e-05   1.82251e-05
   0.911124   0.00236113   0.000303185
   0.93419   0.0265357   0.00121875
   0.957257   0.164326   0.00247879
   0.980323   0.540894   0.00458594
   1.00339   1.14993   0.00668031
   1.02646   1.80927   0.00947108
   1.04952   2.2797   0.00970069
   1.07259   2.41284   0.00872562
   1.09566   2.19967   0.011693
   1.11872   1.80005   0.0105998
   1.14179   1.33974   0.00639028
   1.16485   0.917678   0.00611833
   1.18792   0.580528   0.00600464
   1.21099   0.339697   0.00383247
   1.23405   0.186803   0.00293262
   1.25712   0.0974886   0.00244482
   1.28019   0.048585   0.00189713
   1.30325   0.0271076   0.00141453
   1.32632   0.0244314   0.00132869
   1.34939   0.0343842   0.0011989
   1.37245   0.0585522   0.00162606
   1.39552   0.0941119   0.00197901
   1.41859   0.150926   0.00266029
   1.44165   0.227788   0.00284855
   1.46472   0.312462   0.00368603
   1.48778   0.399713   0.00323925
   1.51085   0.458226   0.00405218
   1.53392   0.474471   0.00426679
   1.55698   0.45333   0.00334404
   1.58005   0.396735   0.00326747
   1.60312   0.317276   0.00264194
   1.62618   0.236956   0.00253937
   1.64925   0.164001   0.00225572
   1.67232   0.114718   0.00230407
   1.69538   0.103859   0.00266936
   1.71845   0.140935   0.00316806
   1.74152   0.235934   0.00330962
   1.76458   0.385968   0.00359747
   1.78765   0.609173   0.00356891
   1.81071   0.868027   0.00396534
   1.83378   1.10365   0.00488834
   1.85685   1.27942   0.00550162
   1.87991   1.32621   0.00720218
   1.90298   1.25131   0.00562239
   1.92605   1.07352   0.00499153
   1.94911   0.841389   0.00373212
   1.97218   0.607287   0.00396921
   1.99525   0.413708   0.00318305
   2.01831   0.285356   0.00324401
   2.04138   0.229554   0.00279553
   2.06445   0.241913   0.00328867
   2.08751   0.304442   0.00332221
   2.11058   0.385268   0.00242066
   2.13364   0.453635   0.00269729
   2.15671   0.493551   0.00354871
   2.17978   0.492924   0.00304645
   2.20284   0.456617   0.00246868
   2.22591   0.39693   0.00256106
   2.24898   0.332302   0.00216284
   2.27204   0.29648   0.00343541
   2.29511   0.294487   0.00350349
