1   1.17352   0
2   1.17546   0.00137216
3   1.18168   0.00515668
4   1.18578   0.00524836
5   1.18873   0.00496263
6   1.18849   0.00414143
7   1.18347   0.00585088
8   1.186   0.00564204
9   1.18858   0.00557241
10   1.18726   0.00516834
11   1.18784   0.00473091
12   1.1872   0.00437987
13   1.18722   0.004043
14   1.18883   0.00406233
15   1.18916   0.00380485
16   1.19047   0.00378678
17   1.19106   0.00360834
18   1.19152   0.00343774
19   1.19163   0.00325858
20   1.19264   0.00324692
21   1.19374   0.00327404
22   1.19406   0.00314055
23   1.19354   0.00304531
24   1.19328   0.00292947
25   1.19358   0.00282708
26   1.19362   0.00271861
27   1.19359   0.00261809
28   1.19352   0.00252552
29   1.19396   0.00247627
30   1.19479   0.00252911
31   1.19536   0.0025106
32   1.19584   0.00247768
33   1.19658   0.00251196
34   1.19795   0.00278412
35   1.19892   0.00287115
36   1.19954   0.00285626
37   1.20035   0.00289243
38   1.20056   0.00282367
39   1.20145   0.00288797
40   1.20264   0.00305315
41   1.20378   0.00318516
42   1.20448   0.00318467
43   1.20512   0.0031733
44   1.20608   0.00324455
45   1.20626   0.00317746
46   1.20645   0.00311381
47   1.20744   0.00320256
48   1.20801   0.00318551
49   1.20825   0.00312996
50   1.20866   0.00309421
51   1.20942   0.00312496
52   1.20978   0.0030855
53   1.2103   0.00307016
54   1.21112   0.00312093
55   1.21157   0.00309645
56   1.21196   0.00306632
57   1.21191   0.00301306
58   1.21228   0.00298377
59   1.21267   0.00295882
60   1.21274   0.00291036
61   1.2123   0.00289643
62   1.21205   0.00286001
63   1.21205   0.00281462
64   1.21193   0.00277311
65   1.21175   0.00273602
66   1.21173   0.00269473
67   1.21152   0.00266225
68   1.21123   0.00263904
69   1.21083   0.0026315
70   1.2107   0.00259689
71   1.2106   0.00256225
72   1.21041   0.00253396
73   1.21001   0.00253028
74   1.20939   0.00257011
75   1.2089   0.00258318
76   1.20847   0.00258415
77   1.2079   0.00261296
78   1.20735   0.00263589
79   1.20688   0.00264411
80   1.20601   0.00275101
81   1.20535   0.00279425
82   1.20517   0.00276628
83   1.2047   0.00277259
84   1.20439   0.00275719
85   1.20428   0.00272683
86   1.20409   0.00270181
87   1.20359   0.00271673
88   1.20317   0.00271792
89   1.20301   0.00269216
90   1.2029   0.00266422
91   1.20267   0.00264533
92   1.20233   0.00263825
93   1.20159   0.00271132
94   1.20139   0.00269015
95   1.20104   0.00268389
96   1.20061   0.00269002
97   1.20033   0.00267672
98   1.20008   0.00266179
99   1.19979   0.00265056
100   1.19947   0.00264322
