1   0.0650659   0
2   0.0661386   0.000758505
3   0.0659222   0.00053566
4   0.0638478   0.00184086
5   0.0642313   0.0015121
6   0.0632774   0.00153166
7   0.0647938   0.00192208
8   0.0640181   0.00183168
9   0.0645176   0.00169492
10   0.0637955   0.0016722
11   0.0650957   0.00196155
12   0.0654527   0.0018303
13   0.0653624   0.00169174
14   0.0652974   0.00157215
15   0.0651108   0.00147837
16   0.064979   0.00139184
17   0.0647809   0.00132399
18   0.0646506   0.00125682
19   0.0643672   0.00122221
20   0.0638771   0.00125554
21   0.0641115   0.00121744
22   0.0643615   0.00118748
23   0.0638839   0.00122815
24   0.064013   0.00118374
25   0.0639555   0.00113779
26   0.0637884   0.00110623
27   0.0637974   0.00106529
28   0.0639066   0.00103283
29   0.0636366   0.00103189
30   0.0639584   0.00104647
31   0.0637712   0.00102933
32   0.0635333   0.00102429
33   0.0632625   0.00102843
34   0.0633517   0.00100204
35   0.0633721   0.000973622
36   0.0633882   0.00094671
37   0.0634277   0.000921947
38   0.0633889   0.000898504
39   0.0634688   0.000879015
40   0.0634334   0.000857752
41   0.0632157   0.000864029
42   0.0631952   0.0008437
43   0.0631074   0.000828633
44   0.0632338   0.000819383
45   0.0632669   0.000801844
46   0.0631918   0.000787925
47   0.0630704   0.000780458
48   0.0630579   0.000764299
49   0.0631816   0.000758652
50   0.0632984   0.000752406
