1   1.76734   0
2   1.76723   7.40245e-05
3   1.76723   4.93505e-05
4   1.76723   3.70172e-05
5   1.76721   3.60717e-05
6   1.76718   3.8234e-05
7   1.76718   3.3255e-05
8   1.76719   3.0546e-05
9   1.76717   3.41201e-05
10   1.76716   3.09597e-05
11   1.76716   2.81899e-05
12   1.76718   3.22107e-05
13   1.76719   3.00207e-05
14   1.76719   2.85225e-05
15   1.7672   2.80523e-05
16   1.76721   2.7025e-05
17   1.7672   2.63622e-05
18   1.7672   2.51836e-05
19   1.76721   2.44723e-05
20   1.76721   2.32968e-05
21   1.76721   2.22159e-05
22   1.76722   2.36785e-05
23   1.76722   2.32179e-05
24   1.76723   2.24807e-05
25   1.76723   2.19178e-05
26   1.76723   2.10892e-05
27   1.76724   2.10531e-05
28   1.76723   2.16337e-05
29   1.76722   2.1204e-05
30   1.76722   2.08774e-05
31   1.76722   2.02209e-05
32   1.76722   1.95956e-05
33   1.76722   1.90157e-05
34   1.76722   1.84612e-05
35   1.76722   1.82293e-05
36   1.76722   1.7724e-05
37   1.76722   1.73806e-05
38   1.76721   1.79052e-05
39   1.76721   1.81127e-05
40   1.7672   1.81484e-05
41   1.7672   1.8439e-05
42   1.76719   1.96743e-05
43   1.76718   1.97848e-05
44   1.76718   2.00874e-05
45   1.76717   2.01609e-05
46   1.76717   1.97785e-05
47   1.76717   1.95484e-05
48   1.76717   1.93875e-05
49   1.76717   1.89918e-05
50   1.76717   1.86124e-05
