   0.0323165   0   0
   0.0969496   0   0
   0.161583   0   0
   0.226216   0   0
   0.290849   0   0
   0.355482   0   0
   0.420115   0   0
   0.484748   0   0
   0.549381   0   0
   0.614014   0   0
   0.678647   0   0
   0.74328   0   0
   0.807913   0   0
   0.872546   0   0
   0.937179   0.00246518   0.000577042
   1.00181   0.0118092   0.00103872
   1.06645   0.0241501   0.00134211
   1.13108   0.0220933   0.00147979
   1.19571   0.0228789   0.0011263
   1.26034   0.0181534   0.00125684
   1.32498   0.0168804   0.000945315
   1.38961   0.0148157   0.000819981
   1.45424   0.0151451   0.000784348
   1.51888   0.0129944   0.000780622
   1.58351   0.0146375   0.000766503
   1.64814   0.0137219   0.000785527
   1.71278   0.0141825   0.000684684
   1.77741   0.0130616   0.000691343
   1.84204   0.0129003   0.000632862
   1.90667   0.012605   0.000692614
   1.97131   0.0123494   0.000614031
   2.03594   0.0124579   0.000547825
   2.10057   0.0124781   0.000504417
   2.16521   0.012644   0.000492349
   2.22984   0.0123802   0.00044809
   2.29447   0.0131217   0.000555971
   2.35911   0.0127813   0.000451775
   2.42374   0.0130402   0.000451066
   2.48837   0.0124821   0.000470205
   2.55301   0.0121554   0.000392061
   2.61764   0.0124277   0.000460699
   2.68227   0.0122638   0.000474412
   2.7469   0.0124489   0.000384134
   2.81154   0.0123591   0.000444967
   2.87617   0.0122095   0.000400365
   2.9408   0.012496   0.000389671
   3.00544   0.012242   0.000397899
   3.07007   0.0115506   0.000258416
   3.1347   0.0115432   0.000363639
   3.19934   0.0121285   0.000410809
   3.26397   0.0121451   0.00038231
   3.3286   0.0119044   0.000353143
   3.39323   0.0119602   0.000368161
   3.45787   0.012566   0.000343166
   3.5225   0.0122469   0.000324466
   3.58713   0.0117653   0.000383759
   3.65177   0.0121817   0.000326697
   3.7164   0.0117782   0.000292333
   3.78103   0.0121206   0.000267577
   3.84567   0.0122639   0.000257436
   3.9103   0.0128012   0.000319741
   3.97493   0.0124966   0.000300232
   4.03957   0.012037   0.000272226
   4.1042   0.0122158   0.000240471
   4.16883   0.0124238   0.000278706
   4.23346   0.0117611   0.000306573
   4.2981   0.012348   0.000296139
   4.36273   0.0128713   0.000319243
   4.42736   0.0124459   0.000217298
   4.492   0.0122825   0.000270271
   4.55663   0.0122879   0.000213153
   4.62126   0.0121548   0.000233562
   4.6859   0.0119723   0.000250893
   4.75053   0.0124873   0.0002838
   4.81516   0.0119577   0.000210191
   4.87979   0.012251   0.000211265
   4.94443   0.0122872   0.000241334
   5.00906   0.0121494   0.000207041
   5.07369   0.0120323   0.000206827
   5.13833   0.0123273   0.000245337
   5.20296   0.0124399   0.000172283
   5.26759   0.0123337   0.000248688
   5.33223   0.011808   0.000201215
   5.39686   0.0123527   0.000248511
   5.46149   0.0126353   0.000222963
   5.52612   0.0126663   0.000200755
   5.59076   0.0121198   0.000205946
   5.65539   0.0123398   0.000203797
   5.72002   0.0127106   0.000228477
   5.78466   0.0123566   0.000200987
   5.84929   0.0120917   0.000221524
   5.91392   0.0125036   0.000190567
   5.97856   0.0122602   0.000226367
   6.04319   0.0126799   0.000181458
   6.10782   0.0127399   0.000194805
   6.17246   0.0124506   0.000186013
   6.23709   0.0122466   0.000178116
   6.30172   0.012146   0.000186922
   6.36635   0.012376   0.000156959
   6.43099   0.012236   0.000177543
