1   -0.317655   0
2   -0.314155   0.00247435
3   -0.308563   0.00485518
4   -0.306803   0.0039474
5   -0.305856   0.00326954
6   -0.311553   0.00587146
7   -0.312855   0.00517504
8   -0.316117   0.00546022
9   -0.318569   0.00537602
10   -0.325096   0.00785784
11   -0.332814   0.0102557
12   -0.340666   0.0120372
13   -0.345153   0.0119185
14   -0.347294   0.0112578
15   -0.346791   0.0105186
16   -0.347292   0.00987306
17   -0.348588   0.00937701
18   -0.348547   0.00885615
19   -0.347929   0.00841161
20   -0.348016   0.00799148
21   -0.349004   0.00767182
22   -0.349201   0.00732561
23   -0.348878   0.00701419
24   -0.347144   0.00693306
25   -0.345984   0.00675204
26   -0.344884   0.00658131
27   -0.34389   0.00641226
28   -0.343492   0.00619561
29   -0.344509   0.00606491
30   -0.345124   0.00589382
31   -0.346315   0.00582286
32   -0.347155   0.00570112
33   -0.347906   0.00557771
34   -0.348511   0.0054463
35   -0.34846   0.00529092
36   -0.348235   0.00514875
37   -0.347898   0.00502062
38   -0.348195   0.00489729
39   -0.348308   0.004773
40   -0.348471   0.00465649
41   -0.348757   0.00455167
42   -0.348958   0.00444773
43   -0.349545   0.00438283
44   -0.350269   0.00434274
45   -0.350883   0.00428932
46   -0.351682   0.00426981
47   -0.35228   0.00422062
48   -0.353148   0.0042212
49   -0.354433   0.00432616
50   -0.355311   0.00432781
