1   1.82813   0
2   1.81896   0.00648883
3   1.82067   0.00454652
4   1.81834   0.00396519
5   1.81375   0.00518528
6   1.81382   0.00432152
7   1.8124   0.00392973
8   1.80804   0.00533315
9   1.80646   0.00496999
10   1.80331   0.00538083
11   1.80047   0.00558771
12   1.79767   0.00578204
13   1.79635   0.00548602
14   1.79459   0.00536953
15   1.79278   0.00530788
16   1.79381   0.00507613
17   1.79411   0.00478586
18   1.79562   0.00475325
19   1.79795   0.0050425
20   1.79849   0.00481893
21   1.80027   0.00490886
22   1.79911   0.00482126
23   1.79928   0.00461445
24   1.79887   0.00444026
25   1.79659   0.00481014
26   1.79546   0.00475606
27   1.7954   0.00458033
28   1.79479   0.00445744
29   1.79573   0.00440311
30   1.79747   0.00458772
31   1.79874   0.00460989
32   1.79989   0.00460838
33   1.80079   0.00455482
34   1.80085   0.00442131
35   1.80077   0.00429566
36   1.80069   0.00417718
37   1.7995   0.00423092
38   1.79873   0.00418798
39   1.79885   0.00408235
40   1.79885   0.0039803
41   1.79874   0.00388459
42   1.79903   0.00380298
43   1.79985   0.00380188
44   1.79997   0.00371741
45   1.80014   0.00363867
46   1.80055   0.00358182
47   1.80084   0.00351765
48   1.80091   0.00344504
49   1.80112   0.00338137
50   1.80082   0.00332696
51   1.80061   0.0032686
52   1.7999   0.00328181
53   1.79871   0.00342891
54   1.79743   0.00359508
55   1.79651   0.00364672
56   1.79546   0.00372904
57   1.79408   0.00391087
58   1.79311   0.00396201
59   1.7923   0.00397679
60   1.79134   0.0040248
61   1.79051   0.00404317
62   1.78948   0.00410755
63   1.78862   0.00413105
64   1.78778   0.00415092
65   1.78724   0.00412293
66   1.78737   0.00406261
67   1.78766   0.00401241
68   1.78828   0.00400127
69   1.78936   0.00408588
70   1.7901   0.00409366
71   1.79037   0.00404474
72   1.79072   0.00400448
73   1.79082   0.00395086
74   1.79114   0.00391014
75   1.79106   0.00385876
76   1.79108   0.00380804
77   1.79091   0.00376251
78   1.79068   0.00372119
79   1.7904   0.00368513
80   1.79042   0.00363916
81   1.79044   0.00359426
82   1.7906   0.00355392
83   1.79071   0.0035128
84   1.79093   0.00347834
85   1.79079   0.0034404
86   1.79098   0.00340559
87   1.79079   0.00337182
88   1.79066   0.00333575
89   1.79026   0.00332238
90   1.78989   0.00330668
91   1.78931   0.00331925
92   1.78846   0.00339235
93   1.7878   0.00341884
94   1.78713   0.00344732
95   1.78688   0.0034198
96   1.78652   0.00340299
97   1.78664   0.00336987
98   1.78672   0.00333652
99   1.78686   0.00330561
100   1.78689   0.00327265
