1   1.82294   0
2   1.92445   0.0717724
3   2.04236   0.107514
4   2.17451   0.139998
5   2.20451   0.115167
6   2.11223   0.127694
7   2.07152   0.115761
8   2.06596   0.101425
9   2.01824   0.100757
10   1.962   0.105211
11   1.96823   0.095831
12   1.96144   0.0880856
13   1.97591   0.0824901
14   2.00629   0.0819997
15   1.98509   0.0792243
16   1.94294   0.0847512
17   1.96259   0.0820131
18   1.96883   0.0776942
19   1.99076   0.0766358
20   1.98521   0.0730048
21   1.97906   0.0697868
22   2.00717   0.072053
23   2.01622   0.0694875
24   2.02176   0.066812
25   2.01977   0.0641689
26   2.02505   0.0619172
27   2.0247   0.0596249
28   2.02401   0.0574995
29   2.03752   0.0570815
30   2.04965   0.0564547
31   2.04918   0.0546356
32   2.05041   0.0529422
33   2.05867   0.0519791
34   2.04309   0.0527341
35   2.02738   0.0535171
36   2.03514   0.0525895
37   2.02635   0.0518964
38   2.02049   0.0508611
39   2.02715   0.0499916
40   2.032   0.0489767
41   2.04257   0.0489087
42   2.05316   0.0488769
43   2.0539   0.0477459
44   2.05849   0.0468803
45   2.0596   0.0458517
46   2.05562   0.0450275
47   2.05887   0.0441865
48   2.06576   0.0437996
49   2.06888   0.0430171
50   2.0714   0.0422307
51   2.07568   0.0416187
52   2.07005   0.0411975
53   2.06338   0.0409562
54   2.06199   0.0402216
55   2.0644   0.0395628
56   2.06911   0.0391357
57   2.0732   0.0386618
58   2.07416   0.0380071
59   2.06941   0.0376578
60   2.07365   0.0372682
61   2.06968   0.0368686
62   2.06168   0.0371324
63   2.05365   0.0373992
64   2.05134   0.0368865
65   2.05479   0.0364805
66   2.05275   0.0359851
67   2.05347   0.0354553
68   2.05158   0.0349844
69   2.05457   0.0346048
70   2.05331   0.0341333
71   2.05113   0.0337224
72   2.05612   0.0336209
73   2.05871   0.03326
74   2.05506   0.0330098
75   2.05414   0.0325825
76   2.05292   0.0321766
77   2.05623   0.0319288
78   2.05018   0.0320877
79   2.05317   0.0318207
80   2.05611   0.0315582
81   2.05688   0.031178
82   2.06303   0.0313985
83   2.06637   0.0311973
84   2.06586   0.0308302
85   2.06563   0.0304683
86   2.06751   0.0301718
87   2.06497   0.0299317
88   2.0622   0.0297194
89   2.06354   0.0294157
90   2.0592   0.0294083
91   2.05613   0.0292449
92   2.05856   0.029028
93   2.05829   0.0287172
94   2.05604   0.0284993
95   2.05566   0.0282018
96   2.05071   0.0283398
97   2.04989   0.0280595
98   2.04837   0.0278144
99   2.04803   0.0275355
100   2.04819   0.0272606
