1   1.62621   0
2   1.62837   0.00152825
3   1.6454   0.0139413
4   1.6542   0.012941
5   1.63649   0.0189207
6   1.63225   0.0162359
7   1.6291   0.0142183
8   1.62417   0.0132707
9   1.62368   0.0118051
10   1.62493   0.010691
11   1.62084   0.0104721
12   1.61719   0.0102177
13   1.61447   0.00978603
14   1.6142   0.00909073
15   1.61309   0.00855218
16   1.61709   0.00890327
17   1.61554   0.00851295
18   1.61351   0.00827996
19   1.61471   0.00793192
20   1.61323   0.00767377
21   1.61022   0.00787477
22   1.60984   0.0075258
23   1.61097   0.00728214
24   1.61179   0.00702439
25   1.61137   0.00675572
26   1.6109   0.0065119
27   1.61059   0.00627822
28   1.6108   0.00605732
29   1.61285   0.00618647
30   1.61407   0.00609873
31   1.61713   0.00662753
32   1.61664   0.00643826
33   1.61589   0.00628702
34   1.61518   0.00614206
35   1.61181   0.00683012
36   1.61031   0.0068024
37   1.60926   0.00669885
38   1.60987   0.00654962
39   1.61097   0.00647345
40   1.60975   0.00642497
41   1.60925   0.00628777
42   1.60821   0.00622272
43   1.60719   0.00616188
44   1.60818   0.00610075
45   1.60801   0.00596742
46   1.609   0.00591855
47   1.61226   0.00663293
48   1.61154   0.00653377
49   1.61402   0.00685575
50   1.61599   0.00699355
