1   -3.43015   0
2   -3.43085   0.000491257
3   -3.43124   0.000456946
4   -3.43033   0.00085508
5   -3.42998   0.000753222
6   -3.43022   0.000665473
7   -3.42996   0.000619202
8   -3.42957   0.000655808
9   -3.42978   0.000616434
10   -3.42995   0.000577347
11   -3.43006   0.000534971
12   -3.42995   0.000500511
13   -3.43014   0.000495483
14   -3.42997   0.000488111
15   -3.42997   0.000455592
16   -3.43004   0.000432185
17   -3.43001   0.000408282
18   -3.42989   0.000401654
19   -3.42981   0.000388959
20   -3.42968   0.00039068
21   -3.42957   0.000386542
22   -3.42954   0.000370021
23   -3.42948   0.000359755
24   -3.42949   0.00034494
25   -3.4295   0.00033164
26   -3.42951   0.000318885
27   -3.42949   0.000307596
28   -3.42956   0.000306186
29   -3.42975   0.000346897
30   -3.42975   0.000335357
31   -3.42986   0.000339921
32   -3.42988   0.000329856
33   -3.42984   0.000322097
34   -3.42978   0.000317721
35   -3.4298   0.000309291
36   -3.42987   0.00030793
37   -3.42992   0.000304587
38   -3.42992   0.00029658
39   -3.42998   0.000293821
40   -3.42996   0.00028685
41   -3.42991   0.000284169
42   -3.42979   0.000303963
43   -3.42972   0.00030358
44   -3.42975   0.000297975
45   -3.42971   0.000294329
46   -3.42971   0.00028796
47   -3.42972   0.00028187
48   -3.42978   0.000281804
49   -3.42984   0.000284198
50   -3.42987   0.000279296
