   0.0128248   0   0
   0.0384745   0   0
   0.0641241   0   0
   0.0897737   0   0
   0.115423   0   0
   0.141073   0   0
   0.166723   0   0
   0.192372   0   0
   0.218022   0   0
   0.243672   0   0
   0.269321   0   0
   0.294971   0   0
   0.32062   0   0
   0.34627   0   0
   0.37192   0   0
   0.397569   0   0
   0.423219   0   0
   0.448869   0   0
   0.474518   0   0
   0.500168   0   0
   0.525818   0   0
   0.551467   0   0
   0.577117   0   0
   0.602767   0   0
   0.628416   0   0
   0.654066   0   0
   0.679715   0   0
   0.705365   0   0
   0.731015   0   0
   0.756664   0   0
   0.782314   0   0
   0.807964   0   0
   0.833613   0   0
   0.859263   0   0
   0.884913   0   0
   0.910562   0   0
   0.936212   0.000102414   4.34506e-05
   0.961861   0.00106728   0.000117236
   0.987511   0.00535735   0.000278827
   1.01316   0.0152861   0.000472704
   1.03881   0.0257871   0.000598463
   1.06446   0.0340345   0.000653665
   1.09011   0.0381928   0.000636027
   1.11576   0.0357072   0.000735696
   1.14141   0.0334039   0.000679376
   1.16706   0.0295   0.0005411
   1.19271   0.0268819   0.000533062
   1.21836   0.0218191   0.000508512
   1.24401   0.0190144   0.000490634
   1.26966   0.0167393   0.00043774
   1.29531   0.0153446   0.000396481
   1.32096   0.0133346   0.000330481
   1.34661   0.0120394   0.0003792
   1.37226   0.0105829   0.000277311
   1.39791   0.00942638   0.00032722
   1.42355   0.00920493   0.000330134
   1.4492   0.00820664   0.000299323
   1.47485   0.00800622   0.000254132
   1.5005   0.00787041   0.000241026
   1.52615   0.00790871   0.000215071
   1.5518   0.00728411   0.000225945
   1.57745   0.007547   0.000269161
   1.6031   0.00730744   0.000207673
   1.62875   0.00720768   0.000219562
   1.6544   0.00791738   0.000238322
   1.68005   0.00823723   0.000221124
   1.7057   0.00829991   0.00018186
   1.73135   0.00846909   0.000255805
   1.757   0.00959035   0.000240286
   1.78265   0.00983048   0.000210333
   1.8083   0.0101521   0.000258639
   1.83395   0.0114395   0.00023729
   1.8596   0.0118477   0.000208548
   1.88525   0.0127854   0.000301562
   1.9109   0.0134376   0.00027434
   1.93655   0.0140176   0.000240628
   1.9622   0.0144929   0.000262243
   1.98785   0.0151481   0.000259772
   2.0135   0.0151898   0.000280783
   2.03915   0.0156348   0.000271376
   2.0648   0.0154003   0.000225762
   2.09045   0.0160026   0.00026424
   2.1161   0.0161302   0.000227957
   2.14174   0.0153978   0.000210809
   2.16739   0.0156241   0.00017718
   2.19304   0.0152122   0.000211915
   2.21869   0.0152893   0.000203617
   2.24434   0.0143858   0.000224755
   2.26999   0.0141566   0.000218083
   2.29564   0.0137636   0.000227009
   2.32129   0.0131713   0.000194766
   2.34694   0.0123634   0.000192727
   2.37259   0.0121996   0.00018746
   2.39824   0.0115967   0.00019066
   2.42389   0.0116551   0.000177084
   2.44954   0.01114   0.000195536
   2.47519   0.0107638   0.000171339
   2.50084   0.0105384   0.000200379
   2.52649   0.0102692   0.000178314
   2.55214   0.0105269   0.000136821
