1   1.08414   0
2   1.08558   0.00101883
3   1.09693   0.00929422
4   1.1028   0.00862732
5   1.091   0.0126138
6   1.08817   0.0108239
7   1.08607   0.00947887
8   1.08278   0.00884711
9   1.08245   0.0078701
10   1.08329   0.00712733
11   1.08056   0.00698138
12   1.07812   0.00681183
13   1.07631   0.00652402
14   1.07613   0.00606049
15   1.07539   0.00570145
16   1.07806   0.00593551
17   1.07703   0.0056753
18   1.07567   0.00551998
19   1.07648   0.00528795
20   1.07548   0.00511585
21   1.07348   0.00524985
22   1.07323   0.0050172
23   1.07398   0.00485476
24   1.07452   0.00468293
25   1.07425   0.00450382
26   1.07394   0.00434126
27   1.07373   0.00418548
28   1.07386   0.00403821
29   1.07523   0.00412431
30   1.07604   0.00406582
31   1.07809   0.00441836
32   1.07776   0.00429218
33   1.07726   0.00419135
34   1.07679   0.00409471
35   1.07454   0.00455341
36   1.07354   0.00453493
37   1.07284   0.0044659
38   1.07324   0.00436641
39   1.07398   0.00431563
40   1.07317   0.00428332
41   1.07283   0.00419185
42   1.07214   0.00414848
43   1.07146   0.00410792
44   1.07212   0.00406716
45   1.07201   0.00397828
46   1.07266   0.0039457
47   1.07484   0.00442196
48   1.07436   0.00435585
49   1.07602   0.0045705
50   1.07732   0.00466237
