1   -5.59264   0
2   -5.59619   0.00251043
3   -5.58937   0.00582031
4   -5.58652   0.00501294
5   -5.57985   0.00718977
6   -5.57263   0.00890393
7   -5.56636   0.0095899
8   -5.56576   0.00841009
9   -5.5653   0.00748802
10   -5.56721   0.00697738
11   -5.56519   0.00662691
12   -5.56577   0.00609954
13   -5.56576   0.00563035
14   -5.56712   0.00539072
15   -5.5631   0.00635748
16   -5.56173   0.00610652
17   -5.55944   0.00616011
18   -5.56097   0.00600372
19   -5.55836   0.00622726
20   -5.55513   0.00670179
21   -5.55237   0.00692985
22   -5.54975   0.00709325
23   -5.54744   0.00715132
24   -5.54564   0.00707527
25   -5.54638   0.00683044
26   -5.54705   0.00660122
27   -5.54699   0.00635699
28   -5.54773   0.00617219
29   -5.54669   0.00604598
30   -5.54653   0.00584648
31   -5.54682   0.00566481
32   -5.54653   0.00549501
33   -5.54537   0.00544972
34   -5.54455   0.00535157
35   -5.54442   0.00520021
36   -5.54443   0.00505578
37   -5.54464   0.00492327
38   -5.54476   0.00479527
39   -5.54465   0.00467369
40   -5.54471   0.00455725
41   -5.54402   0.00449803
42   -5.54338   0.004436
43   -5.54306   0.0043444
44   -5.54329   0.00425161
45   -5.54356   0.00416599
46   -5.54444   0.00416636
47   -5.54456   0.00407963
48   -5.54495   0.00401343
49   -5.5447   0.00393932
50   -5.54494   0.00386752
